0 5
4 3 4 4
4 4 4 5
4 5 4 6
4 6 4 7
4 7 5 7
1 9
2 3 2 4
2 4 2 5
2 5 2 6
2 6 2 7
2 7 2 8
2 8 3 8
3 8 4 8
4 8 5 8
5 8 6 8
2 5
7 7 6 7
6 7 5 7
5 7 5 8
5 8 5 9
5 9 4 9
3 9
8 5 7 5
7 5 6 5
6 5 5 5
5 5 4 5
4 5 3 5
3 5 2 5
2 5 1 5
1 5 0 5
0 5 0 4
4 6
5 3 5 4
5 4 5 5
5 5 5 6
5 6 6 6
6 6 7 6
7 6 8 6
5 6
4 9 5 9
5 9 6 9
6 9 6 8
6 8 7 8
7 8 7 7
7 7 8 7
6 2
2 1 3 1
3 1 4 1
7 2
5 7 6 7
6 7 6 8
8 1
0 8 1 8
9 5
3 4 4 4
4 4 5 4
5 4 6 4
6 4 7 4
7 4 7 5
10 8
3 2 2 2
2 2 1 2
1 2 1 3
1 3 1 4
1 4 1 5
1 5 1 6
1 6 0 6
0 6 0 7
11 5
9 6 8 6
8 6 8 7
8 7 8 8
8 8 7 8
7 8 7 9
12 5
4 6 3 6
3 6 2 6
2 6 1 6
1 6 1 7
1 7 1 8
13 9
1 8 1 7
1 7 2 7
2 7 3 7
3 7 4 7
4 7 4 6
4 6 5 6
5 6 6 6
6 6 7 6
7 6 8 6
14 4
1 4 2 4
2 4 3 4
3 4 4 4
4 4 5 4
15 6
4 8 3 8
3 8 3 7
3 7 3 6
3 6 3 5
3 5 3 4
3 4 3 3
16 7
5 0 5 1
5 1 5 2
5 2 5 3
5 3 6 3
6 3 7 3
7 3 8 3
8 3 9 3
17 7
5 5 5 4
5 4 5 3
5 3 4 3
4 3 3 3
3 3 2 3
2 3 1 3
1 3 0 3
18 9
0 4 0 5
0 5 0 6
0 6 0 7
0 7 0 8
0 8 0 9
0 9 1 9
1 9 2 9
2 9 3 9
3 9 4 9
19 7
7 5 7 4
7 4 7 3
7 3 7 2
7 2 7 1
7 1 7 0
7 0 8 0
8 0 9 0
20 6
5 4 6 4
6 4 6 5
6 5 7 5
7 5 7 6
7 6 7 7
7 7 7 8
21 7
0 8 0 7
0 7 1 7
1 7 2 7
2 7 3 7
3 7 4 7
4 7 5 7
5 7 6 7
22 3
5 4 5 5
5 5 6 5
6 5 7 5
23 1
1 9 0 9
24 3
1 3 1 4
1 4 1 5
1 5 0 5
25 10
6 8 7 8
7 8 8 8
8 8 8 7
8 7 8 6
8 6 8 5
8 5 8 4
8 4 8 3
8 3 8 2
8 2 8 1
8 1 8 0
26 8
7 6 6 6
6 6 6 5
6 5 6 4
6 4 6 3
6 3 6 2
6 2 5 2
5 2 4 2
4 2 3 2
27 5
2 6 2 5
2 5 3 5
3 5 4 5
4 5 4 4
4 4 5 4
28 7
6 6 6 5
6 5 6 4
6 4 7 4
7 4 8 4
8 4 8 3
8 3 8 2
8 2 8 1
29 6
5 7 5 6
5 6 5 5
5 5 4 5
4 5 4 4
4 4 4 3
4 3 3 3
30 6
2 5 2 6
2 6 2 7
2 7 2 8
2 8 1 8
1 8 1 9
1 9 0 9
31 7
0 3 0 4
0 4 0 5
0 5 0 6
0 6 1 6
1 6 2 6
2 6 3 6
3 6 3 7
32 7
3 6 3 5
3 5 3 4
3 4 3 3
3 3 3 2
3 2 3 1
3 1 4 1
4 1 5 1
33 9
6 6 5 6
5 6 4 6
4 6 4 5
4 5 3 5
3 5 2 5
2 5 2 4
2 4 2 3
2 3 2 2
2 2 2 1
34 6
6 7 5 7
5 7 4 7
4 7 4 6
4 6 4 5
4 5 4 4
4 4 3 4
35 8
0 0 1 0
1 0 2 0
2 0 3 0
3 0 4 0
4 0 5 0
5 0 6 0
6 0 6 1
6 1 6 2
36 2
0 1 0 2
0 2 0 3
37 10
0 3 0 2
0 2 1 2
1 2 2 2
2 2 3 2
3 2 4 2
4 2 4 1
4 1 5 1
5 1 6 1
6 1 7 1
7 1 8 1
38 12
4 7 4 8
4 8 5 8
5 8 6 8
6 8 6 7
6 7 7 7
7 7 7 6
7 6 7 5
7 5 7 4
7 4 7 3
7 3 7 2
7 2 7 1
7 1 7 0
39 6
7 2 6 2
6 2 5 2
5 2 4 2
4 2 4 3
4 3 3 3
3 3 3 4
