58
51 101
311 322
351 367
391 396
499 532
539 659
668 820
826 1000
1027 1039
1065 1103
1148 1197
1257 1301
1375 1414
1467 1510
1524 1544
1597 1626
1651 1759
1796 1831
1853 1860
1920 1937
2005 2043
2058 2074
2097 2126
2139 2144
2199 2203
2234 2285
2329 2397
2434 2436
2438 2476
2494 2552
2566 2608
2696 2713
2721 2771
2858 2868
2897 2958
2975 3076
3106 3108
3110 3134
3173 3257
3264 3285
3430 3438
3502 3550
3552 3662
3771 3825
3837 3887
3956 4040
4097 4118
4163 4219
4221 4239
4276 4341
4379 4389
4421 4456
4483 4511
4523 4591
4639 4734
4747 4752
4852 4893
4916 4955
